This is pdfTeX, Version 3.14159265-2.6-1.40.20 (MiKTeX 2.9.7200 64-bit) (preloaded format=pdflatex 2019.10.31)  31 OCT 2019 10:10
entering extended mode
**./document.tex
(document.tex
LaTeX2e <2019-10-01> patch level 1
(D:\Programs\miktex\tex/latex/base\article.cls
Document Class: article 2019/08/27 v1.4j Standard LaTeX document class
(D:\Programs\miktex\tex/latex/base\size10.clo
File: size10.clo 2019/08/27 v1.4j Standard LaTeX file (size option)
)
\c@part=\count80
\c@section=\count81
\c@subsection=\count82
\c@subsubsection=\count83
\c@paragraph=\count84
\c@subparagraph=\count85
\c@figure=\count86
\c@table=\count87
\abovecaptionskip=\skip41
\belowcaptionskip=\skip42
\bibindent=\dimen102
)
(D:\Programs\miktex\tex/latex/base\inputenc.sty
Package: inputenc 2018/08/11 v1.3c Input encoding file
\inpenc@prehook=\toks14
\inpenc@posthook=\toks15
)
(D:\Programs\miktex\tex/latex/graphics\graphicx.sty
Package: graphicx 2017/06/01 v1.1a Enhanced LaTeX Graphics (DPC,SPQR)

(D:\Programs\miktex\tex/latex/graphics\keyval.sty
Package: keyval 2014/10/28 v1.15 key=value parser (DPC)
\KV@toks@=\toks16
)
(D:\Programs\miktex\tex/latex/graphics\graphics.sty
Package: graphics 2019/10/08 v1.3c Standard LaTeX Graphics (DPC,SPQR)

(D:\Programs\miktex\tex/latex/graphics\trig.sty
Package: trig 2016/01/03 v1.10 sin cos tan (DPC)
)
(D:\Programs\miktex\tex/latex/graphics-cfg\graphics.cfg
File: graphics.cfg 2016/06/04 v1.11 sample graphics configuration
)
Package graphics Info: Driver file: pdftex.def on input line 105.

(D:\Programs\miktex\tex/latex/graphics-def\pdftex.def
File: pdftex.def 2018/01/08 v1.0l Graphics/color driver for pdftex
))
\Gin@req@height=\dimen103
\Gin@req@width=\dimen104
)
(D:\Programs\miktex\tex/latex/hyperref\hyperref.sty
Package: hyperref 2019/09/28 v7.00a Hypertext links for LaTeX

(D:\Programs\miktex\tex/generic/oberdiek\hobsub-hyperref.sty
Package: hobsub-hyperref 2016/05/16 v1.14 Bundle oberdiek, subset hyperref (HO)


(D:\Programs\miktex\tex/generic/oberdiek\hobsub-generic.sty
Package: hobsub-generic 2016/05/16 v1.14 Bundle oberdiek, subset generic (HO)
Package: hobsub 2016/05/16 v1.14 Construct package bundles (HO)
Package: infwarerr 2016/05/16 v1.4 Providing info/warning/error messages (HO)
Package: ltxcmds 2016/05/16 v1.23 LaTeX kernel commands for general use (HO)
Package: ifluatex 2016/05/16 v1.4 Provides the ifluatex switch (HO)
Package ifluatex Info: LuaTeX not detected.
Package: ifvtex 2016/05/16 v1.6 Detect VTeX and its facilities (HO)
Package ifvtex Info: VTeX not detected.
Package: intcalc 2016/05/16 v1.2 Expandable calculations with integers (HO)
Package: ifpdf 2018/09/07 v3.3 Provides the ifpdf switch
Package: etexcmds 2016/05/16 v1.6 Avoid name clashes with e-TeX commands (HO)
Package: kvsetkeys 2016/05/16 v1.17 Key value parser (HO)
Package: kvdefinekeys 2016/05/16 v1.4 Define keys (HO)
Package: pdftexcmds 2019/07/25 v0.30 Utility functions of pdfTeX for LuaTeX (HO
)
Package pdftexcmds Info: LuaTeX not detected.
Package pdftexcmds Info: \pdf@primitive is available.
Package pdftexcmds Info: \pdf@ifprimitive is available.
Package pdftexcmds Info: \pdfdraftmode found.
Package: pdfescape 2016/05/16 v1.14 Implements pdfTeX's escape features (HO)
Package: bigintcalc 2016/05/16 v1.4 Expandable calculations on big integers (HO
)
Package: bitset 2016/05/16 v1.2 Handle bit-vector datatype (HO)
Package: uniquecounter 2016/05/16 v1.3 Provide unlimited unique counter (HO)
)
Package hobsub Info: Skipping package `hobsub' (already loaded).
Package: letltxmacro 2016/05/16 v1.5 Let assignment for LaTeX macros (HO)
Package: hopatch 2016/05/16 v1.3 Wrapper for package hooks (HO)
Package: xcolor-patch 2016/05/16 xcolor patch
Package: atveryend 2016/05/16 v1.9 Hooks at the very end of document (HO)
Package atveryend Info: \enddocument detected (standard20110627).
Package: atbegshi 2016/06/09 v1.18 At begin shipout hook (HO)
Package: refcount 2016/05/16 v3.5 Data extraction from label references (HO)
Package: hycolor 2016/05/16 v1.8 Color options for hyperref/bookmark (HO)
)
(D:\Programs\miktex\tex/generic/ifxetex\ifxetex.sty
Package: ifxetex 2010/09/12 v0.6 Provides ifxetex conditional
)
(D:\Programs\miktex\tex/latex/oberdiek\auxhook.sty
Package: auxhook 2016/05/16 v1.4 Hooks for auxiliary files (HO)
)
(D:\Programs\miktex\tex/latex/oberdiek\kvoptions.sty
Package: kvoptions 2016/05/16 v3.12 Key value format for package options (HO)
)
\@linkdim=\dimen105
\Hy@linkcounter=\count88
\Hy@pagecounter=\count89

(D:\Programs\miktex\tex/latex/hyperref\pd1enc.def
File: pd1enc.def 2019/09/28 v7.00a Hyperref: PDFDocEncoding definition (HO)
Now handling font encoding PD1 ...
... no UTF-8 mapping file for font encoding PD1
)
\Hy@SavedSpaceFactor=\count90

(D:\Programs\miktex\tex/latex/00miktex\hyperref.cfg
File: hyperref.cfg 2002/06/06 v1.2 hyperref configuration of TeXLive
)
Package hyperref Info: Hyper figures OFF on input line 4540.
Package hyperref Info: Link nesting OFF on input line 4545.
Package hyperref Info: Hyper index ON on input line 4548.
Package hyperref Info: Plain pages OFF on input line 4555.
Package hyperref Info: Backreferencing OFF on input line 4560.
Package hyperref Info: Implicit mode ON; LaTeX internals redefined.
Package hyperref Info: Bookmarks ON on input line 4793.
\c@Hy@tempcnt=\count91

(C:\Users\Stefan\AppData\Roaming\MiKTeX\2.9\tex/latex/url\url.sty
\Urlmuskip=\muskip10
Package: url 2013/09/16  ver 3.4  Verb mode for urls, etc.
)
LaTeX Info: Redefining \url on input line 5152.
\XeTeXLinkMargin=\dimen106
\Fld@menulength=\count92
\Field@Width=\dimen107
\Fld@charsize=\dimen108
Package hyperref Info: Hyper figures OFF on input line 6423.
Package hyperref Info: Link nesting OFF on input line 6428.
Package hyperref Info: Hyper index ON on input line 6431.
Package hyperref Info: backreferencing OFF on input line 6438.
Package hyperref Info: Link coloring OFF on input line 6443.
Package hyperref Info: Link coloring with OCG OFF on input line 6448.
Package hyperref Info: PDF/A mode OFF on input line 6453.
LaTeX Info: Redefining \ref on input line 6493.
LaTeX Info: Redefining \pageref on input line 6497.
\Hy@abspage=\count93
\c@Item=\count94
\c@Hfootnote=\count95
)
Package hyperref Info: Driver (autodetected): hpdftex.

(D:\Programs\miktex\tex/latex/hyperref\hpdftex.def
File: hpdftex.def 2019/09/28 v7.00a Hyperref driver for pdfTeX
\Fld@listcount=\count96
\c@bookmark@seq@number=\count97

(D:\Programs\miktex\tex/latex/oberdiek\rerunfilecheck.sty
Package: rerunfilecheck 2016/05/16 v1.8 Rerun checks for auxiliary files (HO)
Package uniquecounter Info: New unique counter `rerunfilecheck' on input line 2
82.
)
\Hy@SectionHShift=\skip43
)
(C:\Users\Stefan\AppData\Roaming\MiKTeX\2.9\tex/latex/pgf/frontendlayer\tikz.st
y (C:\Users\Stefan\AppData\Roaming\MiKTeX\2.9\tex/latex/pgf/basiclayer\pgf.sty
(C:\Users\Stefan\AppData\Roaming\MiKTeX\2.9\tex/latex/pgf/utilities\pgfrcs.sty
(C:\Users\Stefan\AppData\Roaming\MiKTeX\2.9\tex/generic/pgf/utilities\pgfutil-c
ommon.tex
\pgfutil@everybye=\toks17
\pgfutil@tempdima=\dimen109
\pgfutil@tempdimb=\dimen110

(C:\Users\Stefan\AppData\Roaming\MiKTeX\2.9\tex/generic/pgf/utilities\pgfutil-c
ommon-lists.tex))
(C:\Users\Stefan\AppData\Roaming\MiKTeX\2.9\tex/generic/pgf/utilities\pgfutil-l
atex.def
\pgfutil@abb=\box27
 (C:\Users\Stefan\AppData\Roaming\MiKTeX\2.9\tex/latex/ms\everyshi.sty
Package: everyshi 2001/05/15 v3.00 EveryShipout Package (MS)
))
(C:\Users\Stefan\AppData\Roaming\MiKTeX\2.9\tex/generic/pgf/utilities\pgfrcs.co
de.tex
(C:\Users\Stefan\AppData\Roaming\MiKTeX\2.9\tex/generic/pgf\pgf.revision.tex)
Package: pgfrcs 2019/08/03 v3.1.4b (3.1.4b)
))
Package: pgf 2019/08/03 v3.1.4b (3.1.4b)

(C:\Users\Stefan\AppData\Roaming\MiKTeX\2.9\tex/latex/pgf/basiclayer\pgfcore.st
y
(C:\Users\Stefan\AppData\Roaming\MiKTeX\2.9\tex/latex/pgf/systemlayer\pgfsys.st
y
(C:\Users\Stefan\AppData\Roaming\MiKTeX\2.9\tex/generic/pgf/systemlayer\pgfsys.
code.tex
Package: pgfsys 2019/08/03 v3.1.4b (3.1.4b)

(C:\Users\Stefan\AppData\Roaming\MiKTeX\2.9\tex/generic/pgf/utilities\pgfkeys.c
ode.tex
\pgfkeys@pathtoks=\toks18
\pgfkeys@temptoks=\toks19

(C:\Users\Stefan\AppData\Roaming\MiKTeX\2.9\tex/generic/pgf/utilities\pgfkeysfi
ltered.code.tex
\pgfkeys@tmptoks=\toks20
))
\pgf@x=\dimen111
\pgf@y=\dimen112
\pgf@xa=\dimen113
\pgf@ya=\dimen114
\pgf@xb=\dimen115
\pgf@yb=\dimen116
\pgf@xc=\dimen117
\pgf@yc=\dimen118
\pgf@xd=\dimen119
\pgf@yd=\dimen120
\w@pgf@writea=\write3
\r@pgf@reada=\read1
\c@pgf@counta=\count98
\c@pgf@countb=\count99
\c@pgf@countc=\count100
\c@pgf@countd=\count101
\t@pgf@toka=\toks21
\t@pgf@tokb=\toks22
\t@pgf@tokc=\toks23
\pgf@sys@id@count=\count102

(C:\Users\Stefan\AppData\Roaming\MiKTeX\2.9\tex/generic/pgf/systemlayer\pgf.cfg
File: pgf.cfg 2019/08/03 v3.1.4b (3.1.4b)
)
Driver file for pgf: pgfsys-pdftex.def

(C:\Users\Stefan\AppData\Roaming\MiKTeX\2.9\tex/generic/pgf/systemlayer\pgfsys-
pdftex.def
File: pgfsys-pdftex.def 2019/08/03 v3.1.4b (3.1.4b)

(C:\Users\Stefan\AppData\Roaming\MiKTeX\2.9\tex/generic/pgf/systemlayer\pgfsys-
common-pdf.def
File: pgfsys-common-pdf.def 2019/08/03 v3.1.4b (3.1.4b)
)))
(C:\Users\Stefan\AppData\Roaming\MiKTeX\2.9\tex/generic/pgf/systemlayer\pgfsyss
oftpath.code.tex
File: pgfsyssoftpath.code.tex 2019/08/03 v3.1.4b (3.1.4b)
\pgfsyssoftpath@smallbuffer@items=\count103
\pgfsyssoftpath@bigbuffer@items=\count104
)
(C:\Users\Stefan\AppData\Roaming\MiKTeX\2.9\tex/generic/pgf/systemlayer\pgfsysp
rotocol.code.tex
File: pgfsysprotocol.code.tex 2019/08/03 v3.1.4b (3.1.4b)
))
(C:\Users\Stefan\AppData\Roaming\MiKTeX\2.9\tex/latex/xcolor\xcolor.sty
Package: xcolor 2016/05/11 v2.12 LaTeX color extensions (UK)

(D:\Programs\miktex\tex/latex/graphics-cfg\color.cfg
File: color.cfg 2016/01/02 v1.6 sample color configuration
)
Package xcolor Info: Driver file: pdftex.def on input line 225.
Package xcolor Info: Model `cmy' substituted by `cmy0' on input line 1348.
Package xcolor Info: Model `hsb' substituted by `rgb' on input line 1352.
Package xcolor Info: Model `RGB' extended on input line 1364.
Package xcolor Info: Model `HTML' substituted by `rgb' on input line 1366.
Package xcolor Info: Model `Hsb' substituted by `hsb' on input line 1367.
Package xcolor Info: Model `tHsb' substituted by `hsb' on input line 1368.
Package xcolor Info: Model `HSB' substituted by `hsb' on input line 1369.
Package xcolor Info: Model `Gray' substituted by `gray' on input line 1370.
Package xcolor Info: Model `wave' substituted by `hsb' on input line 1371.
)
(C:\Users\Stefan\AppData\Roaming\MiKTeX\2.9\tex/generic/pgf/basiclayer\pgfcore.
code.tex
Package: pgfcore 2019/08/03 v3.1.4b (3.1.4b)

(C:\Users\Stefan\AppData\Roaming\MiKTeX\2.9\tex/generic/pgf/math\pgfmath.code.t
ex
(C:\Users\Stefan\AppData\Roaming\MiKTeX\2.9\tex/generic/pgf/math\pgfmathcalc.co
de.tex
(C:\Users\Stefan\AppData\Roaming\MiKTeX\2.9\tex/generic/pgf/math\pgfmathutil.co
de.tex)
(C:\Users\Stefan\AppData\Roaming\MiKTeX\2.9\tex/generic/pgf/math\pgfmathparser.
code.tex
\pgfmath@dimen=\dimen121
\pgfmath@count=\count105
\pgfmath@box=\box28
\pgfmath@toks=\toks24
\pgfmath@stack@operand=\toks25
\pgfmath@stack@operation=\toks26
)
(C:\Users\Stefan\AppData\Roaming\MiKTeX\2.9\tex/generic/pgf/math\pgfmathfunctio
ns.code.tex
(C:\Users\Stefan\AppData\Roaming\MiKTeX\2.9\tex/generic/pgf/math\pgfmathfunctio
ns.basic.code.tex)
(C:\Users\Stefan\AppData\Roaming\MiKTeX\2.9\tex/generic/pgf/math\pgfmathfunctio
ns.trigonometric.code.tex)
(C:\Users\Stefan\AppData\Roaming\MiKTeX\2.9\tex/generic/pgf/math\pgfmathfunctio
ns.random.code.tex)
(C:\Users\Stefan\AppData\Roaming\MiKTeX\2.9\tex/generic/pgf/math\pgfmathfunctio
ns.comparison.code.tex)
(C:\Users\Stefan\AppData\Roaming\MiKTeX\2.9\tex/generic/pgf/math\pgfmathfunctio
ns.base.code.tex)
(C:\Users\Stefan\AppData\Roaming\MiKTeX\2.9\tex/generic/pgf/math\pgfmathfunctio
ns.round.code.tex)
(C:\Users\Stefan\AppData\Roaming\MiKTeX\2.9\tex/generic/pgf/math\pgfmathfunctio
ns.misc.code.tex)
(C:\Users\Stefan\AppData\Roaming\MiKTeX\2.9\tex/generic/pgf/math\pgfmathfunctio
ns.integerarithmetics.code.tex)))
(C:\Users\Stefan\AppData\Roaming\MiKTeX\2.9\tex/generic/pgf/math\pgfmathfloat.c
ode.tex
\c@pgfmathroundto@lastzeros=\count106
))
(C:\Users\Stefan\AppData\Roaming\MiKTeX\2.9\tex/generic/pgf/math\pgfint.code.te
x)
(C:\Users\Stefan\AppData\Roaming\MiKTeX\2.9\tex/generic/pgf/basiclayer\pgfcorep
oints.code.tex
File: pgfcorepoints.code.tex 2019/08/03 v3.1.4b (3.1.4b)
\pgf@picminx=\dimen122
\pgf@picmaxx=\dimen123
\pgf@picminy=\dimen124
\pgf@picmaxy=\dimen125
\pgf@pathminx=\dimen126
\pgf@pathmaxx=\dimen127
\pgf@pathminy=\dimen128
\pgf@pathmaxy=\dimen129
\pgf@xx=\dimen130
\pgf@xy=\dimen131
\pgf@yx=\dimen132
\pgf@yy=\dimen133
\pgf@zx=\dimen134
\pgf@zy=\dimen135
)
(C:\Users\Stefan\AppData\Roaming\MiKTeX\2.9\tex/generic/pgf/basiclayer\pgfcorep
athconstruct.code.tex
File: pgfcorepathconstruct.code.tex 2019/08/03 v3.1.4b (3.1.4b)
\pgf@path@lastx=\dimen136
\pgf@path@lasty=\dimen137
)
(C:\Users\Stefan\AppData\Roaming\MiKTeX\2.9\tex/generic/pgf/basiclayer\pgfcorep
athusage.code.tex
File: pgfcorepathusage.code.tex 2019/08/03 v3.1.4b (3.1.4b)
\pgf@shorten@end@additional=\dimen138
\pgf@shorten@start@additional=\dimen139
)
(C:\Users\Stefan\AppData\Roaming\MiKTeX\2.9\tex/generic/pgf/basiclayer\pgfcores
copes.code.tex
File: pgfcorescopes.code.tex 2019/08/03 v3.1.4b (3.1.4b)
\pgfpic=\box29
\pgf@hbox=\box30
\pgf@layerbox@main=\box31
\pgf@picture@serial@count=\count107
)
(C:\Users\Stefan\AppData\Roaming\MiKTeX\2.9\tex/generic/pgf/basiclayer\pgfcoreg
raphicstate.code.tex
File: pgfcoregraphicstate.code.tex 2019/08/03 v3.1.4b (3.1.4b)
\pgflinewidth=\dimen140
)
(C:\Users\Stefan\AppData\Roaming\MiKTeX\2.9\tex/generic/pgf/basiclayer\pgfcoret
ransformations.code.tex
File: pgfcoretransformations.code.tex 2019/08/03 v3.1.4b (3.1.4b)
\pgf@pt@x=\dimen141
\pgf@pt@y=\dimen142
\pgf@pt@temp=\dimen143
)
(C:\Users\Stefan\AppData\Roaming\MiKTeX\2.9\tex/generic/pgf/basiclayer\pgfcoreq
uick.code.tex
File: pgfcorequick.code.tex 2019/08/03 v3.1.4b (3.1.4b)
)
(C:\Users\Stefan\AppData\Roaming\MiKTeX\2.9\tex/generic/pgf/basiclayer\pgfcoreo
bjects.code.tex
File: pgfcoreobjects.code.tex 2019/08/03 v3.1.4b (3.1.4b)
)
(C:\Users\Stefan\AppData\Roaming\MiKTeX\2.9\tex/generic/pgf/basiclayer\pgfcorep
athprocessing.code.tex
File: pgfcorepathprocessing.code.tex 2019/08/03 v3.1.4b (3.1.4b)
)
(C:\Users\Stefan\AppData\Roaming\MiKTeX\2.9\tex/generic/pgf/basiclayer\pgfcorea
rrows.code.tex
File: pgfcorearrows.code.tex 2019/08/03 v3.1.4b (3.1.4b)
\pgfarrowsep=\dimen144
)
(C:\Users\Stefan\AppData\Roaming\MiKTeX\2.9\tex/generic/pgf/basiclayer\pgfcores
hade.code.tex
File: pgfcoreshade.code.tex 2019/08/03 v3.1.4b (3.1.4b)
\pgf@max=\dimen145
\pgf@sys@shading@range@num=\count108
\pgf@shadingcount=\count109
)
(C:\Users\Stefan\AppData\Roaming\MiKTeX\2.9\tex/generic/pgf/basiclayer\pgfcorei
mage.code.tex
File: pgfcoreimage.code.tex 2019/08/03 v3.1.4b (3.1.4b)

(C:\Users\Stefan\AppData\Roaming\MiKTeX\2.9\tex/generic/pgf/basiclayer\pgfcoree
xternal.code.tex
File: pgfcoreexternal.code.tex 2019/08/03 v3.1.4b (3.1.4b)
\pgfexternal@startupbox=\box32
))
(C:\Users\Stefan\AppData\Roaming\MiKTeX\2.9\tex/generic/pgf/basiclayer\pgfcorel
ayers.code.tex
File: pgfcorelayers.code.tex 2019/08/03 v3.1.4b (3.1.4b)
)
(C:\Users\Stefan\AppData\Roaming\MiKTeX\2.9\tex/generic/pgf/basiclayer\pgfcoret
ransparency.code.tex
File: pgfcoretransparency.code.tex 2019/08/03 v3.1.4b (3.1.4b)
)
(C:\Users\Stefan\AppData\Roaming\MiKTeX\2.9\tex/generic/pgf/basiclayer\pgfcorep
atterns.code.tex
File: pgfcorepatterns.code.tex 2019/08/03 v3.1.4b (3.1.4b)
)
(C:\Users\Stefan\AppData\Roaming\MiKTeX\2.9\tex/generic/pgf/basiclayer\pgfcorer
df.code.tex
File: pgfcorerdf.code.tex 2019/08/03 v3.1.4b (3.1.4b)
)))
(C:\Users\Stefan\AppData\Roaming\MiKTeX\2.9\tex/generic/pgf/modules\pgfmodulesh
apes.code.tex
File: pgfmoduleshapes.code.tex 2019/08/03 v3.1.4b (3.1.4b)
\pgfnodeparttextbox=\box33
)
(C:\Users\Stefan\AppData\Roaming\MiKTeX\2.9\tex/generic/pgf/modules\pgfmodulepl
ot.code.tex
File: pgfmoduleplot.code.tex 2019/08/03 v3.1.4b (3.1.4b)
)
(C:\Users\Stefan\AppData\Roaming\MiKTeX\2.9\tex/latex/pgf/compatibility\pgfcomp
-version-0-65.sty
Package: pgfcomp-version-0-65 2019/08/03 v3.1.4b (3.1.4b)
\pgf@nodesepstart=\dimen146
\pgf@nodesepend=\dimen147
)
(C:\Users\Stefan\AppData\Roaming\MiKTeX\2.9\tex/latex/pgf/compatibility\pgfcomp
-version-1-18.sty
Package: pgfcomp-version-1-18 2019/08/03 v3.1.4b (3.1.4b)
))
(C:\Users\Stefan\AppData\Roaming\MiKTeX\2.9\tex/latex/pgf/utilities\pgffor.sty
(C:\Users\Stefan\AppData\Roaming\MiKTeX\2.9\tex/latex/pgf/utilities\pgfkeys.sty

(C:\Users\Stefan\AppData\Roaming\MiKTeX\2.9\tex/generic/pgf/utilities\pgfkeys.c
ode.tex))
(C:\Users\Stefan\AppData\Roaming\MiKTeX\2.9\tex/latex/pgf/math\pgfmath.sty
(C:\Users\Stefan\AppData\Roaming\MiKTeX\2.9\tex/generic/pgf/math\pgfmath.code.t
ex))
(C:\Users\Stefan\AppData\Roaming\MiKTeX\2.9\tex/generic/pgf/utilities\pgffor.co
de.tex
Package: pgffor 2019/08/03 v3.1.4b (3.1.4b)

(C:\Users\Stefan\AppData\Roaming\MiKTeX\2.9\tex/generic/pgf/math\pgfmath.code.t
ex)
\pgffor@iter=\dimen148
\pgffor@skip=\dimen149
\pgffor@stack=\toks27
\pgffor@toks=\toks28
))
(C:\Users\Stefan\AppData\Roaming\MiKTeX\2.9\tex/generic/pgf/frontendlayer/tikz\
tikz.code.tex
Package: tikz 2019/08/03 v3.1.4b (3.1.4b)

(C:\Users\Stefan\AppData\Roaming\MiKTeX\2.9\tex/generic/pgf/libraries\pgflibrar
yplothandlers.code.tex
File: pgflibraryplothandlers.code.tex 2019/08/03 v3.1.4b (3.1.4b)
\pgf@plot@mark@count=\count110
\pgfplotmarksize=\dimen150
)
\tikz@lastx=\dimen151
\tikz@lasty=\dimen152
\tikz@lastxsaved=\dimen153
\tikz@lastysaved=\dimen154
\tikz@lastmovetox=\dimen155
\tikz@lastmovetoy=\dimen156
\tikzleveldistance=\dimen157
\tikzsiblingdistance=\dimen158
\tikz@figbox=\box34
\tikz@figbox@bg=\box35
\tikz@tempbox=\box36
\tikz@tempbox@bg=\box37
\tikztreelevel=\count111
\tikznumberofchildren=\count112
\tikznumberofcurrentchild=\count113
\tikz@fig@count=\count114

(C:\Users\Stefan\AppData\Roaming\MiKTeX\2.9\tex/generic/pgf/modules\pgfmodulema
trix.code.tex
File: pgfmodulematrix.code.tex 2019/08/03 v3.1.4b (3.1.4b)
\pgfmatrixcurrentrow=\count115
\pgfmatrixcurrentcolumn=\count116
\pgf@matrix@numberofcolumns=\count117
)
\tikz@expandcount=\count118

(C:\Users\Stefan\AppData\Roaming\MiKTeX\2.9\tex/generic/pgf/frontendlayer/tikz/
libraries\tikzlibrarytopaths.code.tex
File: tikzlibrarytopaths.code.tex 2019/08/03 v3.1.4b (3.1.4b)
)))
(C:\Users\Stefan\AppData\Roaming\MiKTeX\2.9\tex/latex/pgfplots\pgfplots.sty
(C:\Users\Stefan\AppData\Roaming\MiKTeX\2.9\tex/generic/pgfplots\pgfplots.revis
ion.tex)
Package: pgfplots 2018/03/28 v1.16 Data Visualization (1.16)

(C:\Users\Stefan\AppData\Roaming\MiKTeX\2.9\tex/generic/pgfplots\pgfplots.code.
tex
(C:\Users\Stefan\AppData\Roaming\MiKTeX\2.9\tex/generic/pgfplots\pgfplotscore.c
ode.tex
\t@pgfplots@toka=\toks29
\t@pgfplots@tokb=\toks30
\t@pgfplots@tokc=\toks31
\pgfplots@tmpa=\dimen159
\c@pgfplots@coordindex=\count119
\c@pgfplots@scanlineindex=\count120

(C:\Users\Stefan\AppData\Roaming\MiKTeX\2.9\tex/generic/pgfplots/sys\pgfplotssy
sgeneric.code.tex))
(C:\Users\Stefan\AppData\Roaming\MiKTeX\2.9\tex/generic/pgfplots/libs\pgfplotsl
ibrary.code.tex)
(C:\Users\Stefan\AppData\Roaming\MiKTeX\2.9\tex/generic/pgfplots/oldpgfcompatib
\pgfplotsoldpgfsupp_loader.code.tex
(C:\Users\Stefan\AppData\Roaming\MiKTeX\2.9\tex/generic/pgf/libraries\pgflibrar
yfpu.code.tex))
(C:\Users\Stefan\AppData\Roaming\MiKTeX\2.9\tex/generic/pgfplots/util\pgfplotsu
til.code.tex
(C:\Users\Stefan\AppData\Roaming\MiKTeX\2.9\tex/generic/pgfplots/liststructure\
pgfplotsliststructure.code.tex)
(C:\Users\Stefan\AppData\Roaming\MiKTeX\2.9\tex/generic/pgfplots/liststructure\
pgfplotsliststructureext.code.tex)
(C:\Users\Stefan\AppData\Roaming\MiKTeX\2.9\tex/generic/pgfplots/liststructure\
pgfplotsarray.code.tex
\c@pgfplotsarray@tmp=\count121
)
(C:\Users\Stefan\AppData\Roaming\MiKTeX\2.9\tex/generic/pgfplots/liststructure\
pgfplotsmatrix.code.tex)
(C:\Users\Stefan\AppData\Roaming\MiKTeX\2.9\tex/generic/pgfplots/numtable\pgfpl
otstableshared.code.tex
\c@pgfplotstable@counta=\count122
\t@pgfplotstable@a=\toks32
)
(C:\Users\Stefan\AppData\Roaming\MiKTeX\2.9\tex/generic/pgfplots/liststructure\
pgfplotsdeque.code.tex)
(C:\Users\Stefan\AppData\Roaming\MiKTeX\2.9\tex/generic/pgfplots/util\pgfplotsb
inary.code.tex
(C:\Users\Stefan\AppData\Roaming\MiKTeX\2.9\tex/generic/pgfplots/util\pgfplotsb
inary.data.code.tex))
(C:\Users\Stefan\AppData\Roaming\MiKTeX\2.9\tex/generic/pgfplots/util\pgfplotsu
til.verb.code.tex)
(C:\Users\Stefan\AppData\Roaming\MiKTeX\2.9\tex/generic/pgfplots/libs\pgflibrar
ypgfplots.surfshading.code.tex
\c@pgfplotslibrarysurf@no=\count123

(C:\Users\Stefan\AppData\Roaming\MiKTeX\2.9\tex/generic/pgfplots/sys\pgflibrary
pgfplots.surfshading.pgfsys-pdftex.def)))
(C:\Users\Stefan\AppData\Roaming\MiKTeX\2.9\tex/generic/pgfplots/util\pgfplotsc
olormap.code.tex
(C:\Users\Stefan\AppData\Roaming\MiKTeX\2.9\tex/generic/pgfplots/util\pgfplotsc
olor.code.tex))
(C:\Users\Stefan\AppData\Roaming\MiKTeX\2.9\tex/generic/pgfplots\pgfplotsstacke
dplots.code.tex)
(C:\Users\Stefan\AppData\Roaming\MiKTeX\2.9\tex/generic/pgfplots\pgfplotsplotha
ndlers.code.tex
(C:\Users\Stefan\AppData\Roaming\MiKTeX\2.9\tex/generic/pgfplots\pgfplotsmeshpl
othandler.code.tex
(C:\Users\Stefan\AppData\Roaming\MiKTeX\2.9\tex/generic/pgfplots\pgfplotsmeshpl
otimage.code.tex)))
(C:\Users\Stefan\AppData\Roaming\MiKTeX\2.9\tex/generic/pgfplots\pgfplots.scali
ng.code.tex)
(C:\Users\Stefan\AppData\Roaming\MiKTeX\2.9\tex/generic/pgfplots\pgfplotscoordp
rocessing.code.tex)
(C:\Users\Stefan\AppData\Roaming\MiKTeX\2.9\tex/generic/pgfplots\pgfplots.error
bars.code.tex)
(C:\Users\Stefan\AppData\Roaming\MiKTeX\2.9\tex/generic/pgfplots\pgfplots.marke
rs.code.tex)
(C:\Users\Stefan\AppData\Roaming\MiKTeX\2.9\tex/generic/pgfplots\pgfplotsticks.
code.tex)
(C:\Users\Stefan\AppData\Roaming\MiKTeX\2.9\tex/generic/pgfplots\pgfplots.paths
.code.tex)
(C:\Users\Stefan\AppData\Roaming\MiKTeX\2.9\tex/generic/pgf/frontendlayer/tikz/
libraries\tikzlibrarydecorations.code.tex
(C:\Users\Stefan\AppData\Roaming\MiKTeX\2.9\tex/generic/pgf/modules\pgfmodulede
corations.code.tex
\pgfdecoratedcompleteddistance=\dimen160
\pgfdecoratedremainingdistance=\dimen161
\pgfdecoratedinputsegmentcompleteddistance=\dimen162
\pgfdecoratedinputsegmentremainingdistance=\dimen163
\pgf@decorate@distancetomove=\dimen164
\pgf@decorate@repeatstate=\count124
\pgfdecorationsegmentamplitude=\dimen165
\pgfdecorationsegmentlength=\dimen166
)
\tikz@lib@dec@box=\box38
)
(C:\Users\Stefan\AppData\Roaming\MiKTeX\2.9\tex/generic/pgf/frontendlayer/tikz/
libraries\tikzlibrarydecorations.pathmorphing.code.tex
(C:\Users\Stefan\AppData\Roaming\MiKTeX\2.9\tex/generic/pgf/libraries/decoratio
ns\pgflibrarydecorations.pathmorphing.code.tex))
(C:\Users\Stefan\AppData\Roaming\MiKTeX\2.9\tex/generic/pgf/frontendlayer/tikz/
libraries\tikzlibrarydecorations.pathreplacing.code.tex
(C:\Users\Stefan\AppData\Roaming\MiKTeX\2.9\tex/generic/pgf/libraries/decoratio
ns\pgflibrarydecorations.pathreplacing.code.tex))
\pgfplots@numplots=\count125
\pgfplots@xmin@reg=\dimen167
\pgfplots@xmax@reg=\dimen168
\pgfplots@ymin@reg=\dimen169
\pgfplots@ymax@reg=\dimen170
\pgfplots@zmin@reg=\dimen171
\pgfplots@zmax@reg=\dimen172
)
(C:\Users\Stefan\AppData\Roaming\MiKTeX\2.9\tex/generic/pgf/frontendlayer/tikz/
libraries\tikzlibraryplotmarks.code.tex
File: tikzlibraryplotmarks.code.tex 2019/08/03 v3.1.4b (3.1.4b)

(C:\Users\Stefan\AppData\Roaming\MiKTeX\2.9\tex/generic/pgf/libraries\pgflibrar
yplotmarks.code.tex
File: pgflibraryplotmarks.code.tex 2019/08/03 v3.1.4b (3.1.4b)
)))
(C:\Users\Stefan\AppData\Roaming\MiKTeX\2.9\tex/latex/caption\subcaption.sty
Package: subcaption 2019/09/01 v1.3a Sub-captions (AR)

(C:\Users\Stefan\AppData\Roaming\MiKTeX\2.9\tex/latex/caption\caption.sty
Package: caption 2019/09/01 v3.3d Customizing captions (AR)

(C:\Users\Stefan\AppData\Roaming\MiKTeX\2.9\tex/latex/caption\caption3.sty
Package: caption3 2019/09/01 v1.8d caption3 kernel (AR)
Package caption3 Info: TeX engine: e-TeX on input line 64.
\captionmargin=\dimen173
\captionmargin@=\dimen174
\captionwidth=\dimen175
\caption@tempdima=\dimen176
\caption@indent=\dimen177
\caption@parindent=\dimen178
\caption@hangindent=\dimen179
)
\c@caption@flags=\count126
\c@ContinuedFloat=\count127
Package caption Info: hyperref package is loaded.
)
\c@subfigure=\count128
\c@subtable=\count129
)
(document.aux)
\openout1 = `document.aux'.

LaTeX Font Info:    Checking defaults for OML/cmm/m/it on input line 19.
LaTeX Font Info:    ... okay on input line 19.
LaTeX Font Info:    Checking defaults for T1/cmr/m/n on input line 19.
LaTeX Font Info:    ... okay on input line 19.
LaTeX Font Info:    Checking defaults for OT1/cmr/m/n on input line 19.
LaTeX Font Info:    ... okay on input line 19.
LaTeX Font Info:    Checking defaults for OMS/cmsy/m/n on input line 19.
LaTeX Font Info:    ... okay on input line 19.
LaTeX Font Info:    Checking defaults for OMX/cmex/m/n on input line 19.
LaTeX Font Info:    ... okay on input line 19.
LaTeX Font Info:    Checking defaults for U/cmr/m/n on input line 19.
LaTeX Font Info:    ... okay on input line 19.
LaTeX Font Info:    Checking defaults for PD1/pdf/m/n on input line 19.
LaTeX Font Info:    ... okay on input line 19.

(C:\Users\Stefan\AppData\Roaming\MiKTeX\2.9\tex/context/base/mkii\supp-pdf.mkii
[Loading MPS to PDF converter (version 2006.09.02).]
\scratchcounter=\count130
\scratchdimen=\dimen180
\scratchbox=\box39
\nofMPsegments=\count131
\nofMParguments=\count132
\everyMPshowfont=\toks33
\MPscratchCnt=\count133
\MPscratchDim=\dimen181
\MPnumerator=\count134
\makeMPintoPDFobject=\count135
\everyMPtoPDFconversion=\toks34
) (D:\Programs\miktex\tex/latex/oberdiek\epstopdf-base.sty
Package: epstopdf-base 2016/05/15 v2.6 Base part for package epstopdf

(D:\Programs\miktex\tex/latex/oberdiek\grfext.sty
Package: grfext 2016/05/16 v1.2 Manage graphics extensions (HO)
)
Package epstopdf-base Info: Redefining graphics rule for `.eps' on input line 4
38.
Package grfext Info: Graphics extension search list:
(grfext)             [.pdf,.png,.jpg,.mps,.jpeg,.jbig2,.jb2,.PDF,.PNG,.JPG,.JPE
G,.JBIG2,.JB2,.eps]
(grfext)             \AppendGraphicsExtensions on input line 456.
)
\AtBeginShipoutBox=\box40
Package hyperref Info: Link coloring OFF on input line 19.

(D:\Programs\miktex\tex/latex/hyperref\nameref.sty
Package: nameref 2019/09/16 v2.46 Cross-referencing by name of section

(D:\Programs\miktex\tex/generic/oberdiek\gettitlestring.sty
Package: gettitlestring 2016/05/16 v1.5 Cleanup title references (HO)
)
\c@section@level=\count136
)
LaTeX Info: Redefining \ref on input line 19.
LaTeX Info: Redefining \pageref on input line 19.
LaTeX Info: Redefining \nameref on input line 19.
 (document.out)
(document.out)
\@outlinefile=\write4
\openout4 = `document.out'.

 ABD: EveryShipout initializing macros
Package pgfplots notification 'compat/show suggested version=true': document ha
s been generated with the most recent feature set (\pgfplotsset{compat=1.16}).

Package caption Info: Begin \AtBeginDocument code.
Package caption Info: End \AtBeginDocument code.
LaTeX Font Info:    External font `cmex10' loaded for size
(Font)              <12> on input line 22.
LaTeX Font Info:    External font `cmex10' loaded for size
(Font)              <8> on input line 22.
LaTeX Font Info:    External font `cmex10' loaded for size
(Font)              <6> on input line 22.
[1

{C:/Users/Stefan/AppData/Local/MiKTeX/2.9/pdftex/config/pdftex.map}] [2]

LaTeX Warning: File `rastriginfcn.png' not found on input line 98.


! Package pdftex.def Error: File `"""rastriginfcn".png' not found: using draft 
setting.

See the pdftex.def package documentation for explanation.
Type  H <return>  for immediate help.
 ...                                              
                                                  
l.98 ...cs[width=0.75\linewidth]{rastriginfcn.png}
                                                  
Try typing  <return>  to proceed.
If that doesn't work, type  X <return>  to quit.


LaTeX Warning: File `rastriginfcn.png' not found on input line 105.


! Package pdftex.def Error: File `"""rastriginfcn".png' not found: using draft 
setting.

See the pdftex.def package documentation for explanation.
Type  H <return>  for immediate help.
 ...                                              
                                                  
l.105 ...s[width=0.75\linewidth]{rastriginfcn.png}
                                                  
Try typing  <return>  to proceed.
If that doesn't work, type  X <return>  to quit.


LaTeX Warning: File `rastriginfcn.png' not found on input line 112.


! Package pdftex.def Error: File `"""rastriginfcn".png' not found: using draft 
setting.

See the pdftex.def package documentation for explanation.
Type  H <return>  for immediate help.
 ...                                              
                                                  
l.112 ...s[width=0.75\linewidth]{rastriginfcn.png}
                                                  
Try typing  <return>  to proceed.
If that doesn't work, type  X <return>  to quit.


LaTeX Warning: File `rastriginfcn.png' not found on input line 118.


! Package pdftex.def Error: File `"""rastriginfcn".png' not found: using draft 
setting.

See the pdftex.def package documentation for explanation.
Type  H <return>  for immediate help.
 ...                                              
                                                  
l.118 ...s[width=0.75\linewidth]{rastriginfcn.png}
                                                  
Try typing  <return>  to proceed.
If that doesn't work, type  X <return>  to quit.

LaTeX Font Info:    External font `cmex10' loaded for size
(Font)              <7> on input line 130.
LaTeX Font Info:    External font `cmex10' loaded for size
(Font)              <5> on input line 130.
! Undefined control sequence.
l.131 \rowfont
              {\bfseries} Name & AlgorithmType & Dimension & Result & RunTim...
The control sequence at the end of the top line
of your error message was never \def'ed. If you have
misspelled it (e.g., `\hobx'), type `I' and the correct
spelling (e.g., `I\hbox'). Otherwise just continue,
and I'll forget about whatever was undefined.


LaTeX Warning: `!h' float specifier changed to `!ht'.

! Undefined control sequence.
<argument> ...ular}{|l|l|l|l|l|l|l|l|l|} \rowfont 
                                                  {\bfseries } Name & Algori...
l.164 \end{tabular}}
                    
The control sequence at the end of the top line
of your error message was never \def'ed. If you have
misspelled it (e.g., `\hobx'), type `I' and the correct
spelling (e.g., `I\hbox'). Otherwise just continue,
and I'll forget about whatever was undefined.


LaTeX Warning: `!h' float specifier changed to `!ht'.

[3]
Runaway argument?
{\settowidth \labelwidth {\@biblabel {
! Paragraph ended before \list was complete.
<to be read again> 
                   \par 
l.174 
      
I suspect you've forgotten a `}', causing me to apply this
control sequence to too much text. How can we recover?
My plan is to forget the whole thing and hope for the best.

! Extra }, or forgotten \endgroup.
\thebibliography ...h \labelwidth {\@biblabel {#1}
                                                  }\leftmargin \labelwidth \...
l.174 
      
I've deleted a group-closing symbol because it seems to be
spurious, as in `$x}$'. But perhaps the } is legitimate and
you forgot something else, as in `\hbox{$x}'. In such cases
the way to recover is to insert both the forgotten and the
deleted material, e.g., by typing `I$}'.

! Extra }, or forgotten \endgroup.
\thebibliography ... \labelwidth {\@biblabel {#1}}
                                                  \leftmargin \labelwidth \a...
l.174 
      
I've deleted a group-closing symbol because it seems to be
spurious, as in `$x}$'. But perhaps the } is legitimate and
you forgot something else, as in `\hbox{$x}'. In such cases
the way to recover is to insert both the forgotten and the
deleted material, e.g., by typing `I$}'.

! Extra }, or forgotten \endgroup.
\thebibliography ...eenumiv {\@arabic \c@enumiv }}
                                                  \sloppy \clubpenalty 4000 ...
l.174 
      
I've deleted a group-closing symbol because it seems to be
spurious, as in `$x}$'. But perhaps the } is legitimate and
you forgot something else, as in `\hbox{$x}'. In such cases
the way to recover is to insert both the forgotten and the
deleted material, e.g., by typing `I$}'.


! LaTeX Error: Lonely \item--perhaps a missing list environment.

See the LaTeX manual or LaTeX Companion for explanation.
Type  H <return>  for immediate help.
 ...                                              
                                                  
l.175 \bibitem{benchmarking}
                            
Try typing  <return>  to proceed.
If that doesn't work, type  X <return>  to quit.


Underfull \hbox (badness 10000) detected at line 175
[][]
 []


Underfull \hbox (badness 10000) in paragraph at lines 176--178

 []


Underfull \hbox (badness 10000) in paragraph at lines 176--178

 []


! LaTeX Error: Lonely \item--perhaps a missing list environment.

See the LaTeX manual or LaTeX Companion for explanation.
Type  H <return>  for immediate help.
 ...                                              
                                                  
l.179 \bibitem{wikipedia}
                         
Try typing  <return>  to proceed.
If that doesn't work, type  X <return>  to quit.


Underfull \hbox (badness 10000) detected at line 179
[][]
 []


Underfull \hbox (badness 10000) in paragraph at lines 180--182
[]$\OT1/cmtt/m/n/10 https : / / en . wikipedia . org / wiki / Global _ optimiza
tion # Deterministic _
 []


Underfull \hbox (badness 10000) in paragraph at lines 180--182

 []


Underfull \hbox (badness 10000) in paragraph at lines 180--182

 []

[4]

! LaTeX Error: Lonely \item--perhaps a missing list environment.

See the LaTeX manual or LaTeX Companion for explanation.
Type  H <return>  for immediate help.
 ...                                              
                                                  
l.183 \bibitem{wikipedia2}
                          
Try typing  <return>  to proceed.
If that doesn't work, type  X <return>  to quit.


Underfull \hbox (badness 10000) detected at line 183
[][]
 []


Underfull \hbox (badness 10000) in paragraph at lines 184--186

 []


Underfull \hbox (badness 10000) in paragraph at lines 184--186

 []


! LaTeX Error: Lonely \item--perhaps a missing list environment.

See the LaTeX manual or LaTeX Companion for explanation.
Type  H <return>  for immediate help.
 ...                                              
                                                  
l.187 \bibitem{binary}
                      
Try typing  <return>  to proceed.
If that doesn't work, type  X <return>  to quit.


Underfull \hbox (badness 10000) detected at line 187
[][]
 []


Underfull \hbox (badness 10000) in paragraph at lines 188--190
[]$\OT1/cmtt/m/n/10 https : / / www . youtube . com / watch ? v = ORo5IU9a55s &
 list =
 []


Underfull \hbox (badness 10000) in paragraph at lines 188--190

 []


Underfull \hbox (badness 10000) in paragraph at lines 188--190

 []

[5]
Package atveryend Info: Empty hook `BeforeClearDocument' on input line 192.
Package atveryend Info: Empty hook `AfterLastShipout' on input line 192.
 (document.aux)
Package atveryend Info: Executing hook `AtVeryEndDocument' on input line 192.
Package atveryend Info: Executing hook `AtEndAfterFileList' on input line 192.


Package rerunfilecheck Warning: File `document.out' has changed.
(rerunfilecheck)                Rerun to get outlines right
(rerunfilecheck)                or use package `bookmark'.

Package rerunfilecheck Info: Checksums for `document.out':
(rerunfilecheck)             Before: 731A0EE9B47566BD171A95C99C9C7C4B;279
(rerunfilecheck)             After:  311BC102434F746D33CAB4BFC85A4F2D;353.

LaTeX Warning: Label(s) may have changed. Rerun to get cross-references right.

Package atveryend Info: Empty hook `AtVeryVeryEnd' on input line 192.
 ) 
Here is how much of TeX's memory you used:
 26235 strings out of 492453
 647616 string characters out of 3134024
 868947 words of memory out of 3000000
 30197 multiletter control sequences out of 15000+200000
 8362 words of font info for 30 fonts, out of 3000000 for 9000
 1141 hyphenation exceptions out of 8191
 73i,8n,127p,728b,609s stack positions out of 5000i,500n,10000p,200000b,50000s
pdfTeX warning (dest): name{section.5} has been referenced but does not exist
, replaced by a fixed one

<D:/Programs/miktex/fonts/type1/public/amsfonts/cm/cmbx10.pfb><D:/Programs/mikt
ex/fonts/type1/public/amsfonts/cm/cmbx12.pfb><D:/Programs/miktex/fonts/type1/pu
blic/amsfonts/cm/cmr10.pfb><D:/Programs/miktex/fonts/type1/public/amsfonts/cm/c
mr12.pfb><D:/Programs/miktex/fonts/type1/public/amsfonts/cm/cmr17.pfb><D:/Progr
ams/miktex/fonts/type1/public/amsfonts/cm/cmr9.pfb><D:/Programs/miktex/fonts/ty
pe1/public/amsfonts/cm/cmtt10.pfb>
Output written on document.pdf (5 pages, 113792 bytes).
PDF statistics:
 107 PDF objects out of 1000 (max. 8388607)
 25 named destinations out of 1000 (max. 500000)
 61 words of extra memory for PDF output out of 10000 (max. 10000000)

